<?xml version="1.0" encoding="UTF-8"?>
<!-- Generated by org.testng.reporters.JUnitXMLReporter -->
<testsuite ignored="0" hostname="EPINPUNW00CA" failures="0" tests="4" name="MainPageTest" time="1.777" errors="0" timestamp="2022-06-30T16:08:42 IST">
  <testcase classname="Dummy2.UdemyTesting.LoginTest" name="login" time="0.693"/>
  <testcase classname="Dummy2.UdemyTesting.MainpageTest" name="clickintoCart" time="0.334"/>
  <testcase classname="Dummy2.UdemyTesting.MainpageTest" name="checkStatusOfCart" time="0.026"/>
  <testcase classname="Dummy2.UdemyTesting.MainpageTest" name="clickcartBtn" time="0.067"/>
</testsuite> <!-- MainPageTest -->
